
bb_init()
    conn:
    proto_major = 7
    proto_minor = 31
    async_read = 1
    max_write = 131072
    max_readahead = 131072
    capable = 00000ffb
    want = 00000010
    max_background = 0
    congestion_threshold = 0
    context:
    fuse = 3aba8750
    uid = 0
    gid = 0
    pid = 0
    private_data = 3aba72a0
    logfile = 3aba82d0
    rootdir = /home/vcm/ece_566/tweakfs/rootdir
    umask = 00000

bb_getattr(path="/", statbuf=0xdd069c10)
    bb_fullpath:  rootdir = "/home/vcm/ece_566/tweakfs/rootdir", path = "/", fpath = "/home/vcm/ece_566/tweakfs/rootdir/"
    lstat returned 0
    si:
    st_dev = 64769
    st_ino = 37772821
    st_mode = 040775
    st_nlink = 4
    st_uid = 990
    st_gid = 1001
    st_rdev = 0
    st_size = 86
    st_blksize = 4096
    st_blocks = 0
    st_atime = 0x65bd51c5
    st_mtime = 0x65baa4dc
    st_ctime = 0x65baa4dc

bb_getattr(path="/", statbuf=0xdc846c10)
    bb_fullpath:  rootdir = "/home/vcm/ece_566/tweakfs/rootdir", path = "/", fpath = "/home/vcm/ece_566/tweakfs/rootdir/"
    lstat returned 0
    si:
    st_dev = 64769
    st_ino = 37772821
    st_mode = 040775
    st_nlink = 4
    st_uid = 990
    st_gid = 1001
    st_rdev = 0
    st_size = 86
    st_blksize = 4096
    st_blocks = 0
    st_atime = 0x65bd51c5
    st_mtime = 0x65baa4dc
    st_ctime = 0x65baa4dc

bb_access(path="/", mask=01)
    bb_fullpath:  rootdir = "/home/vcm/ece_566/tweakfs/rootdir", path = "/", fpath = "/home/vcm/ece_566/tweakfs/rootdir/"

bb_opendir(path="/", fi=0xdc846c30)
    bb_fullpath:  rootdir = "/home/vcm/ece_566/tweakfs/rootdir", path = "/", fpath = "/home/vcm/ece_566/tweakfs/rootdir/"
    opendir returned 0x0x7fadd0000e50
    fi:
    flags = 0x00018800
    fh_old = 0x00000000
    writepage = 0
    direct_io = 0
    keep_cache = 0
    fh = 0x00007fadd0000e50
    lock_owner = 0x0000000000000000

bb_readdir(path="/", buf=0xd0000dd0, filler=0xdd2b2bc0, offset=0, fi=0xdd069c30)
    readdir returned 0x0x7fadd0000e80
calling filler with name .
calling filler with name ..
calling filler with name bogus.txt
calling filler with name hello
calling filler with name test
calling filler with name mysecret.txt
calling filler with name buddy.txt
    fi:
    flags = 0x00000000
    fh_old = 0x7fadd0000e50
    writepage = 0
    direct_io = 0
    keep_cache = 0
    fh = 0x00007fadd0000e50
    lock_owner = 0x0000000000000000

bb_getattr(path="/bogus.txt", statbuf=0xdc846c40)
    bb_fullpath:  rootdir = "/home/vcm/ece_566/tweakfs/rootdir", path = "/bogus.txt", fpath = "/home/vcm/ece_566/tweakfs/rootdir/bogus.txt"
    lstat returned 0
    si:
    st_dev = 64769
    st_ino = 37772822
    st_mode = 0100664
    st_nlink = 1
    st_uid = 990
    st_gid = 1001
    st_rdev = 0
    st_size = 12
    st_blksize = 4096
    st_blocks = 8
    st_atime = 0x65b85645
    st_mtime = 0x65b85645
    st_ctime = 0x65b85645

bb_getattr(path="/hello", statbuf=0xdd069c40)
    bb_fullpath:  rootdir = "/home/vcm/ece_566/tweakfs/rootdir", path = "/hello", fpath = "/home/vcm/ece_566/tweakfs/rootdir/hello"
    lstat returned 0
    si:
    st_dev = 64769
    st_ino = 41962451
    st_mode = 040775
    st_nlink = 2
    st_uid = 990
    st_gid = 1001
    st_rdev = 0
    st_size = 6
    st_blksize = 4096
    st_blocks = 0
    st_atime = 0x65bd51c5
    st_mtime = 0x65b85645
    st_ctime = 0x65b85645

bb_getattr(path="/test", statbuf=0xdc846c40)
    bb_fullpath:  rootdir = "/home/vcm/ece_566/tweakfs/rootdir", path = "/test", fpath = "/home/vcm/ece_566/tweakfs/rootdir/test"
    lstat returned 0
    si:
    st_dev = 64769
    st_ino = 21007705
    st_mode = 040775
    st_nlink = 2
    st_uid = 990
    st_gid = 1001
    st_rdev = 0
    st_size = 46
    st_blksize = 4096
    st_blocks = 0
    st_atime = 0x65bd51c5
    st_mtime = 0x65baa4e8
    st_ctime = 0x65baa4e8

bb_getattr(path="/mysecret.txt", statbuf=0xdd069c40)
    bb_fullpath:  rootdir = "/home/vcm/ece_566/tweakfs/rootdir", path = "/mysecret.txt", fpath = "/home/vcm/ece_566/tweakfs/rootdir/mysecret.txt"
    lstat returned 0
    si:
    st_dev = 64769
    st_ino = 37772825
    st_mode = 0100664
    st_nlink = 1
    st_uid = 990
    st_gid = 1001
    st_rdev = 0
    st_size = 0
    st_blksize = 4096
    st_blocks = 0
    st_atime = 0x65baa4dd
    st_mtime = 0x65baa4dc
    st_ctime = 0x65baa4dc

bb_getattr(path="/buddy.txt", statbuf=0xdc846c40)
    bb_fullpath:  rootdir = "/home/vcm/ece_566/tweakfs/rootdir", path = "/buddy.txt", fpath = "/home/vcm/ece_566/tweakfs/rootdir/buddy.txt"
    lstat returned -1
    ERROR lstat: No such file or directory
    si:
    st_dev = 0
    st_ino = 0
    st_mode = 00
    st_nlink = 0
    st_uid = 0
    st_gid = 0
    st_rdev = 0
    st_size = 0
    st_blksize = 0
    st_blocks = 0
    st_atime = 0x00000000
    st_mtime = 0x00000000
    st_ctime = 0x00000000

bb_releasedir(path="/", fi=0xdc846c40)
    fi:
    flags = 0x00000000
    fh_old = 0x7fadd0000e50
    writepage = 0
    direct_io = 0
    keep_cache = 0
    fh = 0x00007fadd0000e50
    lock_owner = 0x0000000000000000

bb_getattr(path="/", statbuf=0xdd069c10)
    bb_fullpath:  rootdir = "/home/vcm/ece_566/tweakfs/rootdir", path = "/", fpath = "/home/vcm/ece_566/tweakfs/rootdir/"
    lstat returned 0
    si:
    st_dev = 64769
    st_ino = 37772821
    st_mode = 040775
    st_nlink = 4
    st_uid = 990
    st_gid = 1001
    st_rdev = 0
    st_size = 86
    st_blksize = 4096
    st_blocks = 0
    st_atime = 0x65bd51c5
    st_mtime = 0x65baa4dc
    st_ctime = 0x65baa4dc

bb_getattr(path="/", statbuf=0xdc846c10)
    bb_fullpath:  rootdir = "/home/vcm/ece_566/tweakfs/rootdir", path = "/", fpath = "/home/vcm/ece_566/tweakfs/rootdir/"
    lstat returned 0
    si:
    st_dev = 64769
    st_ino = 37772821
    st_mode = 040775
    st_nlink = 4
    st_uid = 990
    st_gid = 1001
    st_rdev = 0
    st_size = 86
    st_blksize = 4096
    st_blocks = 0
    st_atime = 0x65bd51c5
    st_mtime = 0x65baa4dc
    st_ctime = 0x65baa4dc

bb_access(path="/", mask=01)
    bb_fullpath:  rootdir = "/home/vcm/ece_566/tweakfs/rootdir", path = "/", fpath = "/home/vcm/ece_566/tweakfs/rootdir/"

bb_opendir(path="/", fi=0xdc846c30)
    bb_fullpath:  rootdir = "/home/vcm/ece_566/tweakfs/rootdir", path = "/", fpath = "/home/vcm/ece_566/tweakfs/rootdir/"
    opendir returned 0x0x7fadd00090d0
    fi:
    flags = 0x00018800
    fh_old = 0x00000000
    writepage = 0
    direct_io = 0
    keep_cache = 0
    fh = 0x00007fadd00090d0
    lock_owner = 0x0000000000000000

bb_readdir(path="/", buf=0xd0000f70, filler=0xdd2b2bc0, offset=0, fi=0xdd069c30)
    readdir returned 0x0x7fadd0009100
calling filler with name .
calling filler with name ..
calling filler with name bogus.txt
calling filler with name hello
calling filler with name test
calling filler with name mysecret.txt
calling filler with name buddy.txt
    fi:
    flags = 0x00000000
    fh_old = 0x7fadd00090d0
    writepage = 0
    direct_io = 0
    keep_cache = 0
    fh = 0x00007fadd00090d0
    lock_owner = 0x0000000000000000

bb_getattr(path="/bogus.txt", statbuf=0xdc846c40)
    bb_fullpath:  rootdir = "/home/vcm/ece_566/tweakfs/rootdir", path = "/bogus.txt", fpath = "/home/vcm/ece_566/tweakfs/rootdir/bogus.txt"
    lstat returned 0
    si:
    st_dev = 64769
    st_ino = 37772822
    st_mode = 0100664
    st_nlink = 1
    st_uid = 990
    st_gid = 1001
    st_rdev = 0
    st_size = 12
    st_blksize = 4096
    st_blocks = 8
    st_atime = 0x65b85645
    st_mtime = 0x65b85645
    st_ctime = 0x65b85645

bb_getattr(path="/hello", statbuf=0xdd069c40)
    bb_fullpath:  rootdir = "/home/vcm/ece_566/tweakfs/rootdir", path = "/hello", fpath = "/home/vcm/ece_566/tweakfs/rootdir/hello"
    lstat returned 0
    si:
    st_dev = 64769
    st_ino = 41962451
    st_mode = 040775
    st_nlink = 2
    st_uid = 990
    st_gid = 1001
    st_rdev = 0
    st_size = 6
    st_blksize = 4096
    st_blocks = 0
    st_atime = 0x65bd51c5
    st_mtime = 0x65b85645
    st_ctime = 0x65b85645

bb_getattr(path="/test", statbuf=0xdc846c40)
    bb_fullpath:  rootdir = "/home/vcm/ece_566/tweakfs/rootdir", path = "/test", fpath = "/home/vcm/ece_566/tweakfs/rootdir/test"
    lstat returned 0
    si:
    st_dev = 64769
    st_ino = 21007705
    st_mode = 040775
    st_nlink = 2
    st_uid = 990
    st_gid = 1001
    st_rdev = 0
    st_size = 46
    st_blksize = 4096
    st_blocks = 0
    st_atime = 0x65bd51c5
    st_mtime = 0x65baa4e8
    st_ctime = 0x65baa4e8

bb_getattr(path="/mysecret.txt", statbuf=0xdd069c40)
    bb_fullpath:  rootdir = "/home/vcm/ece_566/tweakfs/rootdir", path = "/mysecret.txt", fpath = "/home/vcm/ece_566/tweakfs/rootdir/mysecret.txt"
    lstat returned 0
    si:
    st_dev = 64769
    st_ino = 37772825
    st_mode = 0100664
    st_nlink = 1
    st_uid = 990
    st_gid = 1001
    st_rdev = 0
    st_size = 0
    st_blksize = 4096
    st_blocks = 0
    st_atime = 0x65baa4dd
    st_mtime = 0x65baa4dc
    st_ctime = 0x65baa4dc

bb_getattr(path="/buddy.txt", statbuf=0xdc846c40)
    bb_fullpath:  rootdir = "/home/vcm/ece_566/tweakfs/rootdir", path = "/buddy.txt", fpath = "/home/vcm/ece_566/tweakfs/rootdir/buddy.txt"
    lstat returned -1
    ERROR lstat: No such file or directory
    si:
    st_dev = 0
    st_ino = 0
    st_mode = 00
    st_nlink = 0
    st_uid = 0
    st_gid = 0
    st_rdev = 0
    st_size = 0
    st_blksize = 0
    st_blocks = 0
    st_atime = 0x00000000
    st_mtime = 0x00000000
    st_ctime = 0x00000000

bb_releasedir(path="/", fi=0xdc846c40)
    fi:
    flags = 0x00000000
    fh_old = 0x7fadd00090d0
    writepage = 0
    direct_io = 0
    keep_cache = 0
    fh = 0x00007fadd00090d0
    lock_owner = 0x0000000000000000

bb_getattr(path="/", statbuf=0xdd069c10)
    bb_fullpath:  rootdir = "/home/vcm/ece_566/tweakfs/rootdir", path = "/", fpath = "/home/vcm/ece_566/tweakfs/rootdir/"
    lstat returned 0
    si:
    st_dev = 64769
    st_ino = 37772821
    st_mode = 040775
    st_nlink = 4
    st_uid = 990
    st_gid = 1001
    st_rdev = 0
    st_size = 86
    st_blksize = 4096
    st_blocks = 0
    st_atime = 0x65bd51c5
    st_mtime = 0x65baa4dc
    st_ctime = 0x65baa4dc

bb_getattr(path="/hidir", statbuf=0xdc846c40)
    bb_fullpath:  rootdir = "/home/vcm/ece_566/tweakfs/rootdir", path = "/hidir", fpath = "/home/vcm/ece_566/tweakfs/rootdir/hidir"
    lstat returned -1
    ERROR lstat: No such file or directory
    si:
    st_dev = 0
    st_ino = 0
    st_mode = 00
    st_nlink = 0
    st_uid = 0
    st_gid = 0
    st_rdev = 0
    st_size = 0
    st_blksize = 0
    st_blocks = 0
    st_atime = 0x00000000
    st_mtime = 0x00000000
    st_ctime = 0x00000000

bb_mkdir(path="/hidir", mode=0775)
    bb_fullpath:  rootdir = "/home/vcm/ece_566/tweakfs/rootdir", path = "/hidir", fpath = "/home/vcm/ece_566/tweakfs/rootdir/hidir"
    mkdir returned 0

bb_getattr(path="/hidir", statbuf=0xdd069c40)
    bb_fullpath:  rootdir = "/home/vcm/ece_566/tweakfs/rootdir", path = "/hidir", fpath = "/home/vcm/ece_566/tweakfs/rootdir/hidir"
    lstat returned 0
    si:
    st_dev = 64769
    st_ino = 50395306
    st_mode = 040775
    st_nlink = 2
    st_uid = 990
    st_gid = 1001
    st_rdev = 0
    st_size = 6
    st_blksize = 4096
    st_blocks = 0
    st_atime = 0x65bd5569
    st_mtime = 0x65bd5569
    st_ctime = 0x65bd5569

bb_opendir(path="/", fi=0xdc846c30)
    bb_fullpath:  rootdir = "/home/vcm/ece_566/tweakfs/rootdir", path = "/", fpath = "/home/vcm/ece_566/tweakfs/rootdir/"
    opendir returned 0x0x7fadd00090d0
    fi:
    flags = 0x00018800
    fh_old = 0x00000000
    writepage = 0
    direct_io = 0
    keep_cache = 0
    fh = 0x00007fadd00090d0
    lock_owner = 0x0000000000000000

bb_getattr(path="/", statbuf=0xdd069c10)
    bb_fullpath:  rootdir = "/home/vcm/ece_566/tweakfs/rootdir", path = "/", fpath = "/home/vcm/ece_566/tweakfs/rootdir/"
    lstat returned 0
    si:
    st_dev = 64769
    st_ino = 37772821
    st_mode = 040775
    st_nlink = 5
    st_uid = 990
    st_gid = 1001
    st_rdev = 0
    st_size = 99
    st_blksize = 4096
    st_blocks = 0
    st_atime = 0x65bd556a
    st_mtime = 0x65bd5569
    st_ctime = 0x65bd5569

bb_readdir(path="/", buf=0xd0000ff0, filler=0xdd2b2bc0, offset=0, fi=0xdc846c30)
    readdir returned 0x0x7fadd0009100
calling filler with name .
calling filler with name ..
calling filler with name bogus.txt
calling filler with name hello
calling filler with name test
calling filler with name mysecret.txt
calling filler with name hidir
calling filler with name buddy.txt
    fi:
    flags = 0x00000000
    fh_old = 0x7fadd00090d0
    writepage = 0
    direct_io = 0
    keep_cache = 0
    fh = 0x00007fadd00090d0
    lock_owner = 0x0000000000000000

bb_getattr(path="/bogus.txt", statbuf=0xdc846c40)
    bb_fullpath:  rootdir = "/home/vcm/ece_566/tweakfs/rootdir", path = "/bogus.txt", fpath = "/home/vcm/ece_566/tweakfs/rootdir/bogus.txt"
    lstat returned 0
    si:
    st_dev = 64769
    st_ino = 37772822
    st_mode = 0100664
    st_nlink = 1
    st_uid = 990
    st_gid = 1001
    st_rdev = 0
    st_size = 12
    st_blksize = 4096
    st_blocks = 8
    st_atime = 0x65b85645
    st_mtime = 0x65b85645
    st_ctime = 0x65b85645

bb_getattr(path="/hello", statbuf=0xdc846c40)
    bb_fullpath:  rootdir = "/home/vcm/ece_566/tweakfs/rootdir", path = "/hello", fpath = "/home/vcm/ece_566/tweakfs/rootdir/hello"
    lstat returned 0
    si:
    st_dev = 64769
    st_ino = 41962451
    st_mode = 040775
    st_nlink = 2
    st_uid = 990
    st_gid = 1001
    st_rdev = 0
    st_size = 6
    st_blksize = 4096
    st_blocks = 0
    st_atime = 0x65bd51c5
    st_mtime = 0x65b85645
    st_ctime = 0x65b85645

bb_getattr(path="/test", statbuf=0xdd069c40)
    bb_fullpath:  rootdir = "/home/vcm/ece_566/tweakfs/rootdir", path = "/test", fpath = "/home/vcm/ece_566/tweakfs/rootdir/test"
    lstat returned 0
    si:
    st_dev = 64769
    st_ino = 21007705
    st_mode = 040775
    st_nlink = 2
    st_uid = 990
    st_gid = 1001
    st_rdev = 0
    st_size = 46
    st_blksize = 4096
    st_blocks = 0
    st_atime = 0x65bd51c5
    st_mtime = 0x65baa4e8
    st_ctime = 0x65baa4e8

bb_getattr(path="/mysecret.txt", statbuf=0xdc846c40)
    bb_fullpath:  rootdir = "/home/vcm/ece_566/tweakfs/rootdir", path = "/mysecret.txt", fpath = "/home/vcm/ece_566/tweakfs/rootdir/mysecret.txt"
    lstat returned 0
    si:
    st_dev = 64769
    st_ino = 37772825
    st_mode = 0100664
    st_nlink = 1
    st_uid = 990
    st_gid = 1001
    st_rdev = 0
    st_size = 0
    st_blksize = 4096
    st_blocks = 0
    st_atime = 0x65baa4dd
    st_mtime = 0x65baa4dc
    st_ctime = 0x65baa4dc

bb_getattr(path="/hidir", statbuf=0xdc846c40)
    bb_fullpath:  rootdir = "/home/vcm/ece_566/tweakfs/rootdir", path = "/hidir", fpath = "/home/vcm/ece_566/tweakfs/rootdir/hidir"
    lstat returned 0
    si:
    st_dev = 64769
    st_ino = 50395306
    st_mode = 040775
    st_nlink = 2
    st_uid = 990
    st_gid = 1001
    st_rdev = 0
    st_size = 6
    st_blksize = 4096
    st_blocks = 0
    st_atime = 0x65bd5569
    st_mtime = 0x65bd5569
    st_ctime = 0x65bd5569

bb_getattr(path="/buddy.txt", statbuf=0xdd069c40)
    bb_fullpath:  rootdir = "/home/vcm/ece_566/tweakfs/rootdir", path = "/buddy.txt", fpath = "/home/vcm/ece_566/tweakfs/rootdir/buddy.txt"
    lstat returned -1
    ERROR lstat: No such file or directory
    si:
    st_dev = 0
    st_ino = 0
    st_mode = 00
    st_nlink = 0
    st_uid = 0
    st_gid = 0
    st_rdev = 0
    st_size = 0
    st_blksize = 0
    st_blocks = 0
    st_atime = 0x00000000
    st_mtime = 0x00000000
    st_ctime = 0x00000000

bb_releasedir(path="/", fi=0xdc846c40)
    fi:
    flags = 0x00000000
    fh_old = 0x7fadd00090d0
    writepage = 0
    direct_io = 0
    keep_cache = 0
    fh = 0x00007fadd00090d0
    lock_owner = 0x0000000000000000

bb_opendir(path="/", fi=0xdd069c30)
    bb_fullpath:  rootdir = "/home/vcm/ece_566/tweakfs/rootdir", path = "/", fpath = "/home/vcm/ece_566/tweakfs/rootdir/"
    opendir returned 0x0x7fadd8002b40
    fi:
    flags = 0x00018800
    fh_old = 0x00000000
    writepage = 0
    direct_io = 0
    keep_cache = 0
    fh = 0x00007fadd8002b40
    lock_owner = 0x0000000000000000

bb_getattr(path="/", statbuf=0xdc846c10)
    bb_fullpath:  rootdir = "/home/vcm/ece_566/tweakfs/rootdir", path = "/", fpath = "/home/vcm/ece_566/tweakfs/rootdir/"
    lstat returned 0
    si:
    st_dev = 64769
    st_ino = 37772821
    st_mode = 040775
    st_nlink = 5
    st_uid = 990
    st_gid = 1001
    st_rdev = 0
    st_size = 99
    st_blksize = 4096
    st_blocks = 0
    st_atime = 0x65bd556a
    st_mtime = 0x65bd5569
    st_ctime = 0x65bd5569

bb_readdir(path="/", buf=0xd8002ac0, filler=0xdd2b2bc0, offset=0, fi=0xdd069c30)
    readdir returned 0x0x7fadd8002b70
calling filler with name .
calling filler with name ..
calling filler with name bogus.txt
calling filler with name hello
calling filler with name test
calling filler with name mysecret.txt
calling filler with name hidir
calling filler with name buddy.txt
    fi:
    flags = 0x00000000
    fh_old = 0x7fadd8002b40
    writepage = 0
    direct_io = 0
    keep_cache = 0
    fh = 0x00007fadd8002b40
    lock_owner = 0x0000000000000000

bb_releasedir(path="/", fi=0xdc846c40)
    fi:
    flags = 0x00000000
    fh_old = 0x7fadd8002b40
    writepage = 0
    direct_io = 0
    keep_cache = 0
    fh = 0x00007fadd8002b40
    lock_owner = 0x0000000000000000

bb_getattr(path="/hidir", statbuf=0xdc846c40)
    bb_fullpath:  rootdir = "/home/vcm/ece_566/tweakfs/rootdir", path = "/hidir", fpath = "/home/vcm/ece_566/tweakfs/rootdir/hidir"
    lstat returned 0
    si:
    st_dev = 64769
    st_ino = 50395306
    st_mode = 040775
    st_nlink = 2
    st_uid = 990
    st_gid = 1001
    st_rdev = 0
    st_size = 6
    st_blksize = 4096
    st_blocks = 0
    st_atime = 0x65bd5569
    st_mtime = 0x65bd5569
    st_ctime = 0x65bd5569

bb_getattr(path="/", statbuf=0xdc846c10)
    bb_fullpath:  rootdir = "/home/vcm/ece_566/tweakfs/rootdir", path = "/", fpath = "/home/vcm/ece_566/tweakfs/rootdir/"
    lstat returned 0
    si:
    st_dev = 64769
    st_ino = 37772821
    st_mode = 040775
    st_nlink = 5
    st_uid = 990
    st_gid = 1001
    st_rdev = 0
    st_size = 99
    st_blksize = 4096
    st_blocks = 0
    st_atime = 0x65bd556a
    st_mtime = 0x65bd5569
    st_ctime = 0x65bd5569

bb_access(path="/hidir", mask=01)
    bb_fullpath:  rootdir = "/home/vcm/ece_566/tweakfs/rootdir", path = "/hidir", fpath = "/home/vcm/ece_566/tweakfs/rootdir/hidir"

bb_opendir(path="/hidir", fi=0xdc846c30)
    bb_fullpath:  rootdir = "/home/vcm/ece_566/tweakfs/rootdir", path = "/hidir", fpath = "/home/vcm/ece_566/tweakfs/rootdir/hidir"
    opendir returned 0x0x7fadd00090d0
    fi:
    flags = 0x00018800
    fh_old = 0x00000000
    writepage = 0
    direct_io = 0
    keep_cache = 0
    fh = 0x00007fadd00090d0
    lock_owner = 0x0000000000000000

bb_readdir(path="/hidir", buf=0xd0001070, filler=0xdd2b2bc0, offset=0, fi=0xdd069c30)
    readdir returned 0x0x7fadd0009100
calling filler with name .
calling filler with name ..
calling filler with name buddy.txt
    fi:
    flags = 0x00000000
    fh_old = 0x7fadd00090d0
    writepage = 0
    direct_io = 0
    keep_cache = 0
    fh = 0x00007fadd00090d0
    lock_owner = 0x0000000000000000

bb_getattr(path="/hidir/buddy.txt", statbuf=0xdc846c40)
    bb_fullpath:  rootdir = "/home/vcm/ece_566/tweakfs/rootdir", path = "/hidir/buddy.txt", fpath = "/home/vcm/ece_566/tweakfs/rootdir/hidir/buddy.txt"
    lstat returned -1
    ERROR lstat: No such file or directory
    si:
    st_dev = 0
    st_ino = 0
    st_mode = 00
    st_nlink = 0
    st_uid = 0
    st_gid = 0
    st_rdev = 0
    st_size = 0
    st_blksize = 0
    st_blocks = 0
    st_atime = 0x00000000
    st_mtime = 0x00000000
    st_ctime = 0x00000000

bb_releasedir(path="/hidir", fi=0xdc846c40)
    fi:
    flags = 0x00000000
    fh_old = 0x7fadd00090d0
    writepage = 0
    direct_io = 0
    keep_cache = 0
    fh = 0x00007fadd00090d0
    lock_owner = 0x0000000000000000

bb_getattr(path="/", statbuf=0xdd069c10)
    bb_fullpath:  rootdir = "/home/vcm/ece_566/tweakfs/rootdir", path = "/", fpath = "/home/vcm/ece_566/tweakfs/rootdir/"
    lstat returned 0
    si:
    st_dev = 64769
    st_ino = 37772821
    st_mode = 040775
    st_nlink = 5
    st_uid = 990
    st_gid = 1001
    st_rdev = 0
    st_size = 99
    st_blksize = 4096
    st_blocks = 0
    st_atime = 0x65bd556a
    st_mtime = 0x65bd5569
    st_ctime = 0x65bd5569

bb_opendir(path="/hidir", fi=0xdc846c30)
    bb_fullpath:  rootdir = "/home/vcm/ece_566/tweakfs/rootdir", path = "/hidir", fpath = "/home/vcm/ece_566/tweakfs/rootdir/hidir"
    opendir returned 0x0x7fadd00090d0
    fi:
    flags = 0x00018800
    fh_old = 0x00000000
    writepage = 0
    direct_io = 0
    keep_cache = 0
    fh = 0x00007fadd00090d0
    lock_owner = 0x0000000000000000

bb_getattr(path="/hidir", statbuf=0xdd069c10)
    bb_fullpath:  rootdir = "/home/vcm/ece_566/tweakfs/rootdir", path = "/hidir", fpath = "/home/vcm/ece_566/tweakfs/rootdir/hidir"
    lstat returned 0
    si:
    st_dev = 64769
    st_ino = 50395306
    st_mode = 040775
    st_nlink = 2
    st_uid = 990
    st_gid = 1001
    st_rdev = 0
    st_size = 6
    st_blksize = 4096
    st_blocks = 0
    st_atime = 0x65bd556e
    st_mtime = 0x65bd5569
    st_ctime = 0x65bd5569

bb_readdir(path="/hidir", buf=0xd00010f0, filler=0xdd2b2bc0, offset=0, fi=0xdc846c30)
    readdir returned 0x0x7fadd0009100
calling filler with name .
calling filler with name ..
calling filler with name buddy.txt
    fi:
    flags = 0x00000000
    fh_old = 0x7fadd00090d0
    writepage = 0
    direct_io = 0
    keep_cache = 0
    fh = 0x00007fadd00090d0
    lock_owner = 0x0000000000000000

bb_releasedir(path="/hidir", fi=0xdc846c40)
    fi:
    flags = 0x00000000
    fh_old = 0x7fadd00090d0
    writepage = 0
    direct_io = 0
    keep_cache = 0
    fh = 0x00007fadd00090d0
    lock_owner = 0x0000000000000000

bb_getattr(path="/", statbuf=0xdd069c10)
    bb_fullpath:  rootdir = "/home/vcm/ece_566/tweakfs/rootdir", path = "/", fpath = "/home/vcm/ece_566/tweakfs/rootdir/"
    lstat returned 0
    si:
    st_dev = 64769
    st_ino = 37772821
    st_mode = 040775
    st_nlink = 5
    st_uid = 990
    st_gid = 1001
    st_rdev = 0
    st_size = 99
    st_blksize = 4096
    st_blocks = 0
    st_atime = 0x65bd556a
    st_mtime = 0x65bd5569
    st_ctime = 0x65bd5569

bb_getattr(path="/hidir", statbuf=0xdc846c40)
    bb_fullpath:  rootdir = "/home/vcm/ece_566/tweakfs/rootdir", path = "/hidir", fpath = "/home/vcm/ece_566/tweakfs/rootdir/hidir"
    lstat returned 0
    si:
    st_dev = 64769
    st_ino = 50395306
    st_mode = 040775
    st_nlink = 2
    st_uid = 990
    st_gid = 1001
    st_rdev = 0
    st_size = 6
    st_blksize = 4096
    st_blocks = 0
    st_atime = 0x65bd556e
    st_mtime = 0x65bd5569
    st_ctime = 0x65bd5569

bb_getattr(path="/hidir/buddy.txt", statbuf=0xdd069c40)
    bb_fullpath:  rootdir = "/home/vcm/ece_566/tweakfs/rootdir", path = "/hidir/buddy.txt", fpath = "/home/vcm/ece_566/tweakfs/rootdir/hidir/buddy.txt"
    lstat returned -1
    ERROR lstat: No such file or directory
    si:
    st_dev = 0
    st_ino = 0
    st_mode = 00
    st_nlink = 0
    st_uid = 0
    st_gid = 0
    st_rdev = 0
    st_size = 0
    st_blksize = 0
    st_blocks = 0
    st_atime = 0x00000000
    st_mtime = 0x00000000
    st_ctime = 0x00000000

bb_open(path"/hidir/buddy.txt", fi=0xdc846cf0)
    bb_fullpath:  rootdir = "/home/vcm/ece_566/tweakfs/rootdir", path = "/hidir/buddy.txt", fpath = "/home/vcm/ece_566/tweakfs/rootdir/hidir/buddy.txt"
    open returned -1
    ERROR open: No such file or directory
    fi:
    flags = 0x00008000
    fh_old = 0x00000000
    writepage = 0
    direct_io = 0
    keep_cache = 0
    fh = 0xfffffffffffffffe
    lock_owner = 0x0000000000000000

bb_read(path="/hidir/buddy.txt", buf=0xd8002fa0, size=4096, offset=0, fi=0xdd069cf0)
    fi:
    flags = 0x00008000
    fh_old = 0xfffffffffffffffe
    writepage = 0
    direct_io = 0
    keep_cache = 0
    fh = 0xfffffffffffffffe
    lock_owner = 0x0000000000000000

bb_flush(path="/hidir/buddy.txt", fi=0xdc846cf0)
    fi:
    flags = 0x00000000
    fh_old = 0xfffffffffffffffe
    writepage = 0
    direct_io = 0
    keep_cache = 0
    fh = 0xfffffffffffffffe
    lock_owner = 0x3da910262760ae43

bb_release(path="/hidir/buddy.txt", fi=0xdd069cf0)
    fi:
    flags = 0x00008000
    fh_old = 0xfffffffffffffffe
    writepage = 0
    direct_io = 0
    keep_cache = 0
    fh = 0xfffffffffffffffe
    lock_owner = 0x0000000000000000
    close returned -1
    ERROR close: Bad file descriptor

bb_getattr(path="/hidir/buddy.txt", statbuf=0xdc846c40)
    bb_fullpath:  rootdir = "/home/vcm/ece_566/tweakfs/rootdir", path = "/hidir/buddy.txt", fpath = "/home/vcm/ece_566/tweakfs/rootdir/hidir/buddy.txt"
    lstat returned -1
    ERROR lstat: No such file or directory
    si:
    st_dev = 0
    st_ino = 0
    st_mode = 00
    st_nlink = 0
    st_uid = 0
    st_gid = 0
    st_rdev = 0
    st_size = 0
    st_blksize = 0
    st_blocks = 0
    st_atime = 0x00000000
    st_mtime = 0x00000000
    st_ctime = 0x00000000

bb_open(path"/hidir/buddy.txt", fi=0xdd069cf0)
    bb_fullpath:  rootdir = "/home/vcm/ece_566/tweakfs/rootdir", path = "/hidir/buddy.txt", fpath = "/home/vcm/ece_566/tweakfs/rootdir/hidir/buddy.txt"
    open returned -1
    ERROR open: No such file or directory
    fi:
    flags = 0x00008001
    fh_old = 0x00000000
    writepage = 0
    direct_io = 0
    keep_cache = 0
    fh = 0xfffffffffffffffe
    lock_owner = 0x0000000000000000

bb_truncate(path="/hidir/buddy.txt", newsize=0)
    bb_fullpath:  rootdir = "/home/vcm/ece_566/tweakfs/rootdir", path = "/hidir/buddy.txt", fpath = "/home/vcm/ece_566/tweakfs/rootdir/hidir/buddy.txt"
    truncate returned -1
    ERROR truncate: No such file or directory

bb_release(path="/hidir/buddy.txt", fi=0xdc846cf0)
    fi:
    flags = 0x00008001
    fh_old = 0xfffffffffffffffe
    writepage = 0
    direct_io = 0
    keep_cache = 0
    fh = 0xfffffffffffffffe
    lock_owner = 0x0000000000000000
    close returned -1
    ERROR close: Bad file descriptor

bb_opendir(path="/", fi=0xdd069c30)
    bb_fullpath:  rootdir = "/home/vcm/ece_566/tweakfs/rootdir", path = "/", fpath = "/home/vcm/ece_566/tweakfs/rootdir/"
    opendir returned 0x0x7fadd800af90
    fi:
    flags = 0x00018000
    fh_old = 0x00000000
    writepage = 0
    direct_io = 0
    keep_cache = 0
    fh = 0x00007fadd800af90
    lock_owner = 0x0000000000000000

bb_readdir(path="/", buf=0xd8002fa0, filler=0xdd2b2bc0, offset=0, fi=0xdc846c30)
    readdir returned 0x0x7fadd800afc0
calling filler with name .
calling filler with name ..
calling filler with name bogus.txt
calling filler with name hello
calling filler with name test
calling filler with name mysecret.txt
calling filler with name hidir
calling filler with name buddy.txt
    fi:
    flags = 0x00000000
    fh_old = 0x7fadd800af90
    writepage = 0
    direct_io = 0
    keep_cache = 0
    fh = 0x00007fadd800af90
    lock_owner = 0x0000000000000000

bb_getattr(path="/bogus.txt", statbuf=0xdd069c40)
    bb_fullpath:  rootdir = "/home/vcm/ece_566/tweakfs/rootdir", path = "/bogus.txt", fpath = "/home/vcm/ece_566/tweakfs/rootdir/bogus.txt"
    lstat returned 0
    si:
    st_dev = 64769
    st_ino = 37772822
    st_mode = 0100664
    st_nlink = 1
    st_uid = 990
    st_gid = 1001
    st_rdev = 0
    st_size = 12
    st_blksize = 4096
    st_blocks = 8
    st_atime = 0x65b85645
    st_mtime = 0x65b85645
    st_ctime = 0x65b85645

bb_getattr(path="/hello", statbuf=0xdc846c40)
    bb_fullpath:  rootdir = "/home/vcm/ece_566/tweakfs/rootdir", path = "/hello", fpath = "/home/vcm/ece_566/tweakfs/rootdir/hello"
    lstat returned 0
    si:
    st_dev = 64769
    st_ino = 41962451
    st_mode = 040775
    st_nlink = 2
    st_uid = 990
    st_gid = 1001
    st_rdev = 0
    st_size = 6
    st_blksize = 4096
    st_blocks = 0
    st_atime = 0x65bd51c5
    st_mtime = 0x65b85645
    st_ctime = 0x65b85645

bb_getattr(path="/test", statbuf=0xdd069c40)
    bb_fullpath:  rootdir = "/home/vcm/ece_566/tweakfs/rootdir", path = "/test", fpath = "/home/vcm/ece_566/tweakfs/rootdir/test"
    lstat returned 0
    si:
    st_dev = 64769
    st_ino = 21007705
    st_mode = 040775
    st_nlink = 2
    st_uid = 990
    st_gid = 1001
    st_rdev = 0
    st_size = 46
    st_blksize = 4096
    st_blocks = 0
    st_atime = 0x65bd51c5
    st_mtime = 0x65baa4e8
    st_ctime = 0x65baa4e8

bb_getattr(path="/mysecret.txt", statbuf=0xdc846c40)
    bb_fullpath:  rootdir = "/home/vcm/ece_566/tweakfs/rootdir", path = "/mysecret.txt", fpath = "/home/vcm/ece_566/tweakfs/rootdir/mysecret.txt"
    lstat returned 0
    si:
    st_dev = 64769
    st_ino = 37772825
    st_mode = 0100664
    st_nlink = 1
    st_uid = 990
    st_gid = 1001
    st_rdev = 0
    st_size = 0
    st_blksize = 4096
    st_blocks = 0
    st_atime = 0x65baa4dd
    st_mtime = 0x65baa4dc
    st_ctime = 0x65baa4dc

bb_opendir(path="/test", fi=0xdd069c30)
    bb_fullpath:  rootdir = "/home/vcm/ece_566/tweakfs/rootdir", path = "/test", fpath = "/home/vcm/ece_566/tweakfs/rootdir/test"
    opendir returned 0x0x7fadd8012fd0
    fi:
    flags = 0x00018000
    fh_old = 0x00000000
    writepage = 0
    direct_io = 0
    keep_cache = 0
    fh = 0x00007fadd8012fd0
    lock_owner = 0x0000000000000000

bb_readdir(path="/test", buf=0xd8003020, filler=0xdd2b2bc0, offset=0, fi=0xdc846c30)
    readdir returned 0x0x7fadd8013000
calling filler with name .
calling filler with name ..
calling filler with name buddy.txt
    fi:
    flags = 0x00000000
    fh_old = 0x7fadd8012fd0
    writepage = 0
    direct_io = 0
    keep_cache = 0
    fh = 0x00007fadd8012fd0
    lock_owner = 0x0000000000000000

bb_getattr(path="/test/buddy.txt", statbuf=0xdd069c40)
    bb_fullpath:  rootdir = "/home/vcm/ece_566/tweakfs/rootdir", path = "/test/buddy.txt", fpath = "/home/vcm/ece_566/tweakfs/rootdir/test/buddy.txt"
    lstat returned 0
    si:
    st_dev = 64769
    st_ino = 21007706
    st_mode = 0100664
    st_nlink = 1
    st_uid = 990
    st_gid = 1001
    st_rdev = 0
    st_size = 0
    st_blksize = 4096
    st_blocks = 0
    st_atime = 0x65baa478
    st_mtime = 0x65baa478
    st_ctime = 0x65baa478

bb_releasedir(path="/test", fi=0xdc846c40)
    fi:
    flags = 0x00000000
    fh_old = 0x7fadd8012fd0
    writepage = 0
    direct_io = 0
    keep_cache = 0
    fh = 0x00007fadd8012fd0
    lock_owner = 0x0000000000000000

bb_opendir(path="/hello", fi=0xdc846c30)
    bb_fullpath:  rootdir = "/home/vcm/ece_566/tweakfs/rootdir", path = "/hello", fpath = "/home/vcm/ece_566/tweakfs/rootdir/hello"
    opendir returned 0x0x7fadd00090d0
    fi:
    flags = 0x00018000
    fh_old = 0x00000000
    writepage = 0
    direct_io = 0
    keep_cache = 0
    fh = 0x00007fadd00090d0
    lock_owner = 0x0000000000000000

bb_readdir(path="/hello", buf=0xd0001170, filler=0xdd2b2bc0, offset=0, fi=0xdc846c30)
    readdir returned 0x0x7fadd0009100
calling filler with name .
calling filler with name ..
calling filler with name buddy.txt
    fi:
    flags = 0x00000000
    fh_old = 0x7fadd00090d0
    writepage = 0
    direct_io = 0
    keep_cache = 0
    fh = 0x00007fadd00090d0
    lock_owner = 0x0000000000000000

bb_getattr(path="/hello/buddy.txt", statbuf=0xdc846c40)
    bb_fullpath:  rootdir = "/home/vcm/ece_566/tweakfs/rootdir", path = "/hello/buddy.txt", fpath = "/home/vcm/ece_566/tweakfs/rootdir/hello/buddy.txt"
    lstat returned -1
    ERROR lstat: No such file or directory
    si:
    st_dev = 0
    st_ino = 0
    st_mode = 00
    st_nlink = 0
    st_uid = 0
    st_gid = 0
    st_rdev = 0
    st_size = 0
    st_blksize = 0
    st_blocks = 0
    st_atime = 0x00000000
    st_mtime = 0x00000000
    st_ctime = 0x00000000

bb_releasedir(path="/hello", fi=0xdc846c40)
    fi:
    flags = 0x00000000
    fh_old = 0x7fadd00090d0
    writepage = 0
    direct_io = 0
    keep_cache = 0
    fh = 0x00007fadd00090d0
    lock_owner = 0x0000000000000000

bb_getattr(path="/hidir", statbuf=0xdc846c40)
    bb_fullpath:  rootdir = "/home/vcm/ece_566/tweakfs/rootdir", path = "/hidir", fpath = "/home/vcm/ece_566/tweakfs/rootdir/hidir"
    lstat returned 0
    si:
    st_dev = 64769
    st_ino = 50395306
    st_mode = 040775
    st_nlink = 2
    st_uid = 990
    st_gid = 1001
    st_rdev = 0
    st_size = 6
    st_blksize = 4096
    st_blocks = 0
    st_atime = 0x65bd556e
    st_mtime = 0x65bd5569
    st_ctime = 0x65bd5569

bb_getattr(path="/buddy.txt", statbuf=0xdd069c40)
    bb_fullpath:  rootdir = "/home/vcm/ece_566/tweakfs/rootdir", path = "/buddy.txt", fpath = "/home/vcm/ece_566/tweakfs/rootdir/buddy.txt"
    lstat returned -1
    ERROR lstat: No such file or directory
    si:
    st_dev = 0
    st_ino = 0
    st_mode = 00
    st_nlink = 0
    st_uid = 0
    st_gid = 0
    st_rdev = 0
    st_size = 0
    st_blksize = 0
    st_blocks = 0
    st_atime = 0x00000000
    st_mtime = 0x00000000
    st_ctime = 0x00000000

bb_releasedir(path="/", fi=0xdd069c40)
    fi:
    flags = 0x00000000
    fh_old = 0x7fadd800af90
    writepage = 0
    direct_io = 0
    keep_cache = 0
    fh = 0x00007fadd800af90
    lock_owner = 0x0000000000000000

bb_opendir(path="/hidir", fi=0xdc846c30)
    bb_fullpath:  rootdir = "/home/vcm/ece_566/tweakfs/rootdir", path = "/hidir", fpath = "/home/vcm/ece_566/tweakfs/rootdir/hidir"
    opendir returned 0x0x7fadd00090d0
    fi:
    flags = 0x00018000
    fh_old = 0x00000000
    writepage = 0
    direct_io = 0
    keep_cache = 0
    fh = 0x00007fadd00090d0
    lock_owner = 0x0000000000000000

bb_readdir(path="/hidir", buf=0xd0001170, filler=0xdd2b2bc0, offset=0, fi=0xdd069c30)
    readdir returned 0x0x7fadd0009100
calling filler with name .
calling filler with name ..
calling filler with name buddy.txt
    fi:
    flags = 0x00000000
    fh_old = 0x7fadd00090d0
    writepage = 0
    direct_io = 0
    keep_cache = 0
    fh = 0x00007fadd00090d0
    lock_owner = 0x0000000000000000

bb_releasedir(path="/hidir", fi=0xdd069c40)
    fi:
    flags = 0x00000000
    fh_old = 0x7fadd00090d0
    writepage = 0
    direct_io = 0
    keep_cache = 0
    fh = 0x00007fadd00090d0
    lock_owner = 0x0000000000000000

bb_getattr(path="/", statbuf=0xdc846c10)
    bb_fullpath:  rootdir = "/home/vcm/ece_566/tweakfs/rootdir", path = "/", fpath = "/home/vcm/ece_566/tweakfs/rootdir/"
    lstat returned 0
    si:
    st_dev = 64769
    st_ino = 37772821
    st_mode = 040775
    st_nlink = 5
    st_uid = 990
    st_gid = 1001
    st_rdev = 0
    st_size = 99
    st_blksize = 4096
    st_blocks = 0
    st_atime = 0x65bd556a
    st_mtime = 0x65bd5569
    st_ctime = 0x65bd5569

bb_opendir(path="/hidir", fi=0xdd069c30)
    bb_fullpath:  rootdir = "/home/vcm/ece_566/tweakfs/rootdir", path = "/hidir", fpath = "/home/vcm/ece_566/tweakfs/rootdir/hidir"
    opendir returned 0x0x7fadd800af90
    fi:
    flags = 0x00018800
    fh_old = 0x00000000
    writepage = 0
    direct_io = 0
    keep_cache = 0
    fh = 0x00007fadd800af90
    lock_owner = 0x0000000000000000

bb_getattr(path="/hidir", statbuf=0xdc846c10)
    bb_fullpath:  rootdir = "/home/vcm/ece_566/tweakfs/rootdir", path = "/hidir", fpath = "/home/vcm/ece_566/tweakfs/rootdir/hidir"
    lstat returned 0
    si:
    st_dev = 64769
    st_ino = 50395306
    st_mode = 040775
    st_nlink = 2
    st_uid = 990
    st_gid = 1001
    st_rdev = 0
    st_size = 6
    st_blksize = 4096
    st_blocks = 0
    st_atime = 0x65bd556e
    st_mtime = 0x65bd5569
    st_ctime = 0x65bd5569

bb_readdir(path="/hidir", buf=0xd80030a0, filler=0xdd2b2bc0, offset=0, fi=0xdd069c30)
    readdir returned 0x0x7fadd800afc0
calling filler with name .
calling filler with name ..
calling filler with name buddy.txt
    fi:
    flags = 0x00000000
    fh_old = 0x7fadd800af90
    writepage = 0
    direct_io = 0
    keep_cache = 0
    fh = 0x00007fadd800af90
    lock_owner = 0x0000000000000000

bb_getattr(path="/hidir/buddy.txt", statbuf=0xdc846c40)
    bb_fullpath:  rootdir = "/home/vcm/ece_566/tweakfs/rootdir", path = "/hidir/buddy.txt", fpath = "/home/vcm/ece_566/tweakfs/rootdir/hidir/buddy.txt"
    lstat returned -1
    ERROR lstat: No such file or directory
    si:
    st_dev = 0
    st_ino = 0
    st_mode = 00
    st_nlink = 0
    st_uid = 0
    st_gid = 0
    st_rdev = 0
    st_size = 0
    st_blksize = 0
    st_blocks = 0
    st_atime = 0x00000000
    st_mtime = 0x00000000
    st_ctime = 0x00000000

bb_releasedir(path="/hidir", fi=0xdc846c40)
    fi:
    flags = 0x00000000
    fh_old = 0x7fadd800af90
    writepage = 0
    direct_io = 0
    keep_cache = 0
    fh = 0x00007fadd800af90
    lock_owner = 0x0000000000000000

bb_getattr(path="/", statbuf=0xdd069c10)
    bb_fullpath:  rootdir = "/home/vcm/ece_566/tweakfs/rootdir", path = "/", fpath = "/home/vcm/ece_566/tweakfs/rootdir/"
    lstat returned 0
    si:
    st_dev = 64769
    st_ino = 37772821
    st_mode = 040775
    st_nlink = 5
    st_uid = 990
    st_gid = 1001
    st_rdev = 0
    st_size = 99
    st_blksize = 4096
    st_blocks = 0
    st_atime = 0x65bd556a
    st_mtime = 0x65bd5569
    st_ctime = 0x65bd5569

bb_getattr(path="/hidir", statbuf=0xdc846c40)
    bb_fullpath:  rootdir = "/home/vcm/ece_566/tweakfs/rootdir", path = "/hidir", fpath = "/home/vcm/ece_566/tweakfs/rootdir/hidir"
    lstat returned 0
    si:
    st_dev = 64769
    st_ino = 50395306
    st_mode = 040775
    st_nlink = 2
    st_uid = 990
    st_gid = 1001
    st_rdev = 0
    st_size = 6
    st_blksize = 4096
    st_blocks = 0
    st_atime = 0x65bd556e
    st_mtime = 0x65bd5569
    st_ctime = 0x65bd5569

bb_access(path="/", mask=01)
    bb_fullpath:  rootdir = "/home/vcm/ece_566/tweakfs/rootdir", path = "/", fpath = "/home/vcm/ece_566/tweakfs/rootdir/"

bb_opendir(path="/", fi=0xdc846c30)
    bb_fullpath:  rootdir = "/home/vcm/ece_566/tweakfs/rootdir", path = "/", fpath = "/home/vcm/ece_566/tweakfs/rootdir/"
    opendir returned 0x0x7fadd00090d0
    fi:
    flags = 0x00018800
    fh_old = 0x00000000
    writepage = 0
    direct_io = 0
    keep_cache = 0
    fh = 0x00007fadd00090d0
    lock_owner = 0x0000000000000000

bb_readdir(path="/", buf=0xd00011f0, filler=0xdd2b2bc0, offset=0, fi=0xdd069c30)
    readdir returned 0x0x7fadd0009100
calling filler with name .
calling filler with name ..
calling filler with name bogus.txt
calling filler with name hello
calling filler with name test
calling filler with name mysecret.txt
calling filler with name hidir
calling filler with name buddy.txt
    fi:
    flags = 0x00000000
    fh_old = 0x7fadd00090d0
    writepage = 0
    direct_io = 0
    keep_cache = 0
    fh = 0x00007fadd00090d0
    lock_owner = 0x0000000000000000

bb_getattr(path="/bogus.txt", statbuf=0xdc846c40)
    bb_fullpath:  rootdir = "/home/vcm/ece_566/tweakfs/rootdir", path = "/bogus.txt", fpath = "/home/vcm/ece_566/tweakfs/rootdir/bogus.txt"
    lstat returned 0
    si:
    st_dev = 64769
    st_ino = 37772822
    st_mode = 0100664
    st_nlink = 1
    st_uid = 990
    st_gid = 1001
    st_rdev = 0
    st_size = 12
    st_blksize = 4096
    st_blocks = 8
    st_atime = 0x65b85645
    st_mtime = 0x65b85645
    st_ctime = 0x65b85645

bb_getattr(path="/hello", statbuf=0xdd069c40)
    bb_fullpath:  rootdir = "/home/vcm/ece_566/tweakfs/rootdir", path = "/hello", fpath = "/home/vcm/ece_566/tweakfs/rootdir/hello"
    lstat returned 0
    si:
    st_dev = 64769
    st_ino = 41962451
    st_mode = 040775
    st_nlink = 2
    st_uid = 990
    st_gid = 1001
    st_rdev = 0
    st_size = 6
    st_blksize = 4096
    st_blocks = 0
    st_atime = 0x65bd51c5
    st_mtime = 0x65b85645
    st_ctime = 0x65b85645

bb_getattr(path="/test", statbuf=0xdc846c40)
    bb_fullpath:  rootdir = "/home/vcm/ece_566/tweakfs/rootdir", path = "/test", fpath = "/home/vcm/ece_566/tweakfs/rootdir/test"
    lstat returned 0
    si:
    st_dev = 64769
    st_ino = 21007705
    st_mode = 040775
    st_nlink = 2
    st_uid = 990
    st_gid = 1001
    st_rdev = 0
    st_size = 46
    st_blksize = 4096
    st_blocks = 0
    st_atime = 0x65bd51c5
    st_mtime = 0x65baa4e8
    st_ctime = 0x65baa4e8

bb_getattr(path="/mysecret.txt", statbuf=0xdd069c40)
    bb_fullpath:  rootdir = "/home/vcm/ece_566/tweakfs/rootdir", path = "/mysecret.txt", fpath = "/home/vcm/ece_566/tweakfs/rootdir/mysecret.txt"
    lstat returned 0
    si:
    st_dev = 64769
    st_ino = 37772825
    st_mode = 0100664
    st_nlink = 1
    st_uid = 990
    st_gid = 1001
    st_rdev = 0
    st_size = 0
    st_blksize = 4096
    st_blocks = 0
    st_atime = 0x65baa4dd
    st_mtime = 0x65baa4dc
    st_ctime = 0x65baa4dc

bb_getattr(path="/buddy.txt", statbuf=0xdc846c40)
    bb_fullpath:  rootdir = "/home/vcm/ece_566/tweakfs/rootdir", path = "/buddy.txt", fpath = "/home/vcm/ece_566/tweakfs/rootdir/buddy.txt"
    lstat returned -1
    ERROR lstat: No such file or directory
    si:
    st_dev = 0
    st_ino = 0
    st_mode = 00
    st_nlink = 0
    st_uid = 0
    st_gid = 0
    st_rdev = 0
    st_size = 0
    st_blksize = 0
    st_blocks = 0
    st_atime = 0x00000000
    st_mtime = 0x00000000
    st_ctime = 0x00000000

bb_releasedir(path="/", fi=0xdc846c40)
    fi:
    flags = 0x00000000
    fh_old = 0x7fadd00090d0
    writepage = 0
    direct_io = 0
    keep_cache = 0
    fh = 0x00007fadd00090d0
    lock_owner = 0x0000000000000000

bb_getattr(path="/", statbuf=0xdd069c10)
    bb_fullpath:  rootdir = "/home/vcm/ece_566/tweakfs/rootdir", path = "/", fpath = "/home/vcm/ece_566/tweakfs/rootdir/"
    lstat returned 0
    si:
    st_dev = 64769
    st_ino = 37772821
    st_mode = 040775
    st_nlink = 5
    st_uid = 990
    st_gid = 1001
    st_rdev = 0
    st_size = 99
    st_blksize = 4096
    st_blocks = 0
    st_atime = 0x65bd556a
    st_mtime = 0x65bd5569
    st_ctime = 0x65bd5569

bb_getattr(path="/hidir$", statbuf=0xdc846c40)
    bb_fullpath:  rootdir = "/home/vcm/ece_566/tweakfs/rootdir", path = "/hidir$", fpath = "/home/vcm/ece_566/tweakfs/rootdir/hidir$"
    lstat returned -1
    ERROR lstat: No such file or directory
    si:
    st_dev = 0
    st_ino = 0
    st_mode = 00
    st_nlink = 0
    st_uid = 0
    st_gid = 0
    st_rdev = 0
    st_size = 0
    st_blksize = 0
    st_blocks = 0
    st_atime = 0x00000000
    st_mtime = 0x00000000
    st_ctime = 0x00000000

bb_getattr(path="/hidir$", statbuf=0xdd069c40)
    bb_fullpath:  rootdir = "/home/vcm/ece_566/tweakfs/rootdir", path = "/hidir$", fpath = "/home/vcm/ece_566/tweakfs/rootdir/hidir$"
    lstat returned -1
    ERROR lstat: No such file or directory
    si:
    st_dev = 0
    st_ino = 0
    st_mode = 00
    st_nlink = 0
    st_uid = 0
    st_gid = 0
    st_rdev = 0
    st_size = 0
    st_blksize = 0
    st_blocks = 0
    st_atime = 0x00000000
    st_mtime = 0x00000000
    st_ctime = 0x00000000

bb_getattr(path="/hidir", statbuf=0xdc846c40)
    bb_fullpath:  rootdir = "/home/vcm/ece_566/tweakfs/rootdir", path = "/hidir", fpath = "/home/vcm/ece_566/tweakfs/rootdir/hidir"
    lstat returned 0
    si:
    st_dev = 64769
    st_ino = 50395306
    st_mode = 040775
    st_nlink = 2
    st_uid = 990
    st_gid = 1001
    st_rdev = 0
    st_size = 6
    st_blksize = 4096
    st_blocks = 0
    st_atime = 0x65bd556e
    st_mtime = 0x65bd5569
    st_ctime = 0x65bd5569

bb_getattr(path="/secret.txt", statbuf=0xdd069c40)
    bb_fullpath:  rootdir = "/home/vcm/ece_566/tweakfs/rootdir", path = "/secret.txt", fpath = "/home/vcm/ece_566/tweakfs/rootdir/secret.txt"
    lstat returned 0
    si:
    st_dev = 64769
    st_ino = 37772823
    st_mode = 0100664
    st_nlink = 1
    st_uid = 990
    st_gid = 1001
    st_rdev = 0
    st_size = 16
    st_blksize = 4096
    st_blocks = 8
    st_atime = 0x65b877be
    st_mtime = 0x65b86348
    st_ctime = 0x65b86348

bb_open(path"/secret.txt", fi=0xdc846cf0)
    bb_fullpath:  rootdir = "/home/vcm/ece_566/tweakfs/rootdir", path = "/secret.txt", fpath = "/home/vcm/ece_566/tweakfs/rootdir/secret.txt"
    open returned 5
    ERROR open: No such file or directory
    fi:
    flags = 0x00008000
    fh_old = 0x00000000
    writepage = 0
    direct_io = 0
    keep_cache = 0
    fh = 0x0000000000000005
    lock_owner = 0x0000000000000000

bb_getattr(path="/", statbuf=0xdd069c10)
    bb_fullpath:  rootdir = "/home/vcm/ece_566/tweakfs/rootdir", path = "/", fpath = "/home/vcm/ece_566/tweakfs/rootdir/"
    lstat returned 0
    si:
    st_dev = 64769
    st_ino = 37772821
    st_mode = 040775
    st_nlink = 5
    st_uid = 990
    st_gid = 1001
    st_rdev = 0
    st_size = 99
    st_blksize = 4096
    st_blocks = 0
    st_atime = 0x65bd556a
    st_mtime = 0x65bd5569
    st_ctime = 0x65bd5569

bb_getattr(path="/secret.txt", statbuf=0xdc846c40)
    bb_fullpath:  rootdir = "/home/vcm/ece_566/tweakfs/rootdir", path = "/secret.txt", fpath = "/home/vcm/ece_566/tweakfs/rootdir/secret.txt"
    lstat returned 0
    si:
    st_dev = 64769
    st_ino = 37772823
    st_mode = 0100664
    st_nlink = 1
    st_uid = 990
    st_gid = 1001
    st_rdev = 0
    st_size = 16
    st_blksize = 4096
    st_blocks = 8
    st_atime = 0x65b877be
    st_mtime = 0x65b86348
    st_ctime = 0x65b86348

bb_open(path"/secret.txt", fi=0xdd069cf0)
    bb_fullpath:  rootdir = "/home/vcm/ece_566/tweakfs/rootdir", path = "/secret.txt", fpath = "/home/vcm/ece_566/tweakfs/rootdir/secret.txt"
    open returned 6
    ERROR open: No such file or directory
    fi:
    flags = 0x00008001
    fh_old = 0x00000000
    writepage = 0
    direct_io = 0
    keep_cache = 0
    fh = 0x0000000000000006
    lock_owner = 0x0000000000000000

bb_getattr(path="/hidir$", statbuf=0xdc846c40)
    bb_fullpath:  rootdir = "/home/vcm/ece_566/tweakfs/rootdir", path = "/hidir$", fpath = "/home/vcm/ece_566/tweakfs/rootdir/hidir$"
    lstat returned -1
    ERROR lstat: No such file or directory
    si:
    st_dev = 0
    st_ino = 0
    st_mode = 00
    st_nlink = 0
    st_uid = 0
    st_gid = 0
    st_rdev = 0
    st_size = 0
    st_blksize = 0
    st_blocks = 0
    st_atime = 0x00000000
    st_mtime = 0x00000000
    st_ctime = 0x00000000

bb_getattr(path="/hidir$", statbuf=0xdd069c40)
    bb_fullpath:  rootdir = "/home/vcm/ece_566/tweakfs/rootdir", path = "/hidir$", fpath = "/home/vcm/ece_566/tweakfs/rootdir/hidir$"
    lstat returned -1
    ERROR lstat: No such file or directory
    si:
    st_dev = 0
    st_ino = 0
    st_mode = 00
    st_nlink = 0
    st_uid = 0
    st_gid = 0
    st_rdev = 0
    st_size = 0
    st_blksize = 0
    st_blocks = 0
    st_atime = 0x00000000
    st_mtime = 0x00000000
    st_ctime = 0x00000000

bb_getattr(path="/hidir$", statbuf=0xdc846c40)
    bb_fullpath:  rootdir = "/home/vcm/ece_566/tweakfs/rootdir", path = "/hidir$", fpath = "/home/vcm/ece_566/tweakfs/rootdir/hidir$"
    lstat returned -1
    ERROR lstat: No such file or directory
    si:
    st_dev = 0
    st_ino = 0
    st_mode = 00
    st_nlink = 0
    st_uid = 0
    st_gid = 0
    st_rdev = 0
    st_size = 0
    st_blksize = 0
    st_blocks = 0
    st_atime = 0x00000000
    st_mtime = 0x00000000
    st_ctime = 0x00000000

bb_getattr(path="/hidir$", statbuf=0xdd069c40)
    bb_fullpath:  rootdir = "/home/vcm/ece_566/tweakfs/rootdir", path = "/hidir$", fpath = "/home/vcm/ece_566/tweakfs/rootdir/hidir$"
    lstat returned -1
    ERROR lstat: No such file or directory
    si:
    st_dev = 0
    st_ino = 0
    st_mode = 00
    st_nlink = 0
    st_uid = 0
    st_gid = 0
    st_rdev = 0
    st_size = 0
    st_blksize = 0
    st_blocks = 0
    st_atime = 0x00000000
    st_mtime = 0x00000000
    st_ctime = 0x00000000

bb_getattr(path="/hidir", statbuf=0xdc846c40)
    bb_fullpath:  rootdir = "/home/vcm/ece_566/tweakfs/rootdir", path = "/hidir", fpath = "/home/vcm/ece_566/tweakfs/rootdir/hidir"
    lstat returned 0
    si:
    st_dev = 64769
    st_ino = 50395306
    st_mode = 040775
    st_nlink = 2
    st_uid = 990
    st_gid = 1001
    st_rdev = 0
    st_size = 6
    st_blksize = 4096
    st_blocks = 0
    st_atime = 0x65bd556e
    st_mtime = 0x65bd5569
    st_ctime = 0x65bd5569

bb_getattr(path="/", statbuf=0xdd069c10)
    bb_fullpath:  rootdir = "/home/vcm/ece_566/tweakfs/rootdir", path = "/", fpath = "/home/vcm/ece_566/tweakfs/rootdir/"
    lstat returned 0
    si:
    st_dev = 64769
    st_ino = 37772821
    st_mode = 040775
    st_nlink = 5
    st_uid = 990
    st_gid = 1001
    st_rdev = 0
    st_size = 99
    st_blksize = 4096
    st_blocks = 0
    st_atime = 0x65bd556a
    st_mtime = 0x65bd5569
    st_ctime = 0x65bd5569

bb_getattr(path="/,.", statbuf=0xdc846c40)
    bb_fullpath:  rootdir = "/home/vcm/ece_566/tweakfs/rootdir", path = "/,.", fpath = "/home/vcm/ece_566/tweakfs/rootdir/,."
    lstat returned -1
    ERROR lstat: No such file or directory
    si:
    st_dev = 0
    st_ino = 0
    st_mode = 00
    st_nlink = 0
    st_uid = 0
    st_gid = 0
    st_rdev = 0
    st_size = 0
    st_blksize = 0
    st_blocks = 0
    st_atime = 0x00000000
    st_mtime = 0x00000000
    st_ctime = 0x00000000

bb_getattr(path="/,.", statbuf=0xdd069c40)
    bb_fullpath:  rootdir = "/home/vcm/ece_566/tweakfs/rootdir", path = "/,.", fpath = "/home/vcm/ece_566/tweakfs/rootdir/,."
    lstat returned -1
    ERROR lstat: No such file or directory
    si:
    st_dev = 0
    st_ino = 0
    st_mode = 00
    st_nlink = 0
    st_uid = 0
    st_gid = 0
    st_rdev = 0
    st_size = 0
    st_blksize = 0
    st_blocks = 0
    st_atime = 0x00000000
    st_mtime = 0x00000000
    st_ctime = 0x00000000

bb_getattr(path="/,.", statbuf=0xdc846c40)
    bb_fullpath:  rootdir = "/home/vcm/ece_566/tweakfs/rootdir", path = "/,.", fpath = "/home/vcm/ece_566/tweakfs/rootdir/,."
    lstat returned -1
    ERROR lstat: No such file or directory
    si:
    st_dev = 0
    st_ino = 0
    st_mode = 00
    st_nlink = 0
    st_uid = 0
    st_gid = 0
    st_rdev = 0
    st_size = 0
    st_blksize = 0
    st_blocks = 0
    st_atime = 0x00000000
    st_mtime = 0x00000000
    st_ctime = 0x00000000

bb_getattr(path="/", statbuf=0xdd069c10)
    bb_fullpath:  rootdir = "/home/vcm/ece_566/tweakfs/rootdir", path = "/", fpath = "/home/vcm/ece_566/tweakfs/rootdir/"
    lstat returned 0
    si:
    st_dev = 64769
    st_ino = 37772821
    st_mode = 040775
    st_nlink = 5
    st_uid = 990
    st_gid = 1001
    st_rdev = 0
    st_size = 99
    st_blksize = 4096
    st_blocks = 0
    st_atime = 0x65bd556a
    st_mtime = 0x65bd5569
    st_ctime = 0x65bd5569

bb_destroy(userdata=0x3aba72a0)
